Exporter version: 6.3.0, Blender version: 2.82 (sub 7)
========= Conversion from Blender to Babylon.js =========
	Scene settings used :
		Inline textures     :  false
		Material Type       :  PBR
		Positions Precision :  4
		Normals Precision   :  3
		UVs Precision       :  3
		Vert Color Precision:  3
		Mat Weight Precision:  2
		Keep Z-up r-handed  :  no
		Texture directory   :  D:\00_Work\HTML-JS\yarinin_suyu_3d_workshop\new earth\
	Python World class constructor completed
	processing begun of camera (UniversalCamera):  Camera
	processing begun of mesh:  Earth
		processing begun of material:  Diffuse
			processing texture PlanetEarth_DIFFUSE
				texture type:  diffuseTexture, mapped using: "UVMap"
		num positions      :  14820
		num normals        :  14820
		num tangents       :  0
		num uvs            :  29640
		num uvs2           :  0
		num colors         :  0
		num indices        :  86934
========= Writing of JSON file started =========
	writing mesh:  Earth
========= Writing of JSON file completed =========
========= end of processing =========
elapsed time:  0 min, 1.4142 secs
